2024-11-21 18:56:42,283 INFO o.h.v.i.u.Version [background-preinit] HV000001: Hibernate Validator 8.0.1.Final
2024-11-21 18:56:42,326 INFO o.s.b.StartupInfoLogger [main] Starting MovieApplicationTests using Java 20.0.2 with PID 7108 (started by Gage in C:\Users\Gage\git\movie)
2024-11-21 18:56:42,328 DEBUG o.s.b.StartupInfoLogger [main] Running with Spring Boot v3.3.4, Spring v6.1.13
2024-11-21 18:56:42,329 INFO o.s.b.SpringApplication [main] No active profile set, falling back to 1 default profile: "default"
2024-11-21 18:56:43,963 INFO o.s.d.r.c.RepositoryConfigurationDelegate [main] Bootstrapping Spring Data JDBC repositories in DEFAULT mode.
2024-11-21 18:56:44,043 INFO o.s.d.r.c.RepositoryConfigurationDelegate [main] Finished Spring Data repository scanning in 66 ms. Found 1 JDBC repository interface.
2024-11-21 18:56:44,764 INFO c.z.h.HikariDataSource [main] HikariPool-1 - Starting...
2024-11-21 18:56:46,604 INFO c.z.h.p.HikariPool [main] HikariPool-1 - Added connection com.mysql.cj.jdbc.ConnectionImpl@32e697ac
2024-11-21 18:56:46,606 INFO c.z.h.HikariDataSource [main] HikariPool-1 - Start completed.
2024-11-21 18:56:47,966 INFO o.s.b.StartupInfoLogger [main] Started MovieApplicationTests in 6.346 seconds (process running for 8.104)
2024-11-21 18:56:49,503 INFO c.z.h.HikariDataSource [SpringApplicationShutdownHook] HikariPool-1 - Shutdown initiated...
2024-11-21 18:56:50,079 INFO c.z.h.HikariDataSource [SpringApplicationShutdownHook] HikariPool-1 - Shutdown completed.
2024-11-21 18:57:07,395 INFO o.h.v.i.u.Version [background-preinit] HV000001: Hibernate Validator 8.0.1.Final
2024-11-21 18:57:07,432 INFO o.s.b.StartupInfoLogger [restartedMain] Starting MovieApplication using Java 20.0.2 with PID 7888 (C:\Users\Gage\git\movie\target\classes started by Gage in C:\Users\Gage\git\movie)
2024-11-21 18:57:07,432 DEBUG o.s.b.StartupInfoLogger [restartedMain] Running with Spring Boot v3.3.4, Spring v6.1.13
2024-11-21 18:57:07,434 INFO o.s.b.SpringApplication [restartedMain] No active profile set, falling back to 1 default profile: "default"
2024-11-21 18:57:07,734 INFO o.s.b.l.DeferredLog [restartedMain] Devtools property defaults active! Set 'spring.devtools.add-properties' to 'false' to disable
2024-11-21 18:57:07,734 INFO o.s.b.l.DeferredLog [restartedMain] For additional web related logging consider setting the 'logging.level.web' property to 'DEBUG'
2024-11-21 18:57:08,412 INFO o.s.d.r.c.RepositoryConfigurationDelegate [restartedMain] Bootstrapping Spring Data JDBC repositories in DEFAULT mode.
2024-11-21 18:57:08,462 INFO o.s.d.r.c.RepositoryConfigurationDelegate [restartedMain] Finished Spring Data repository scanning in 45 ms. Found 1 JDBC repository interface.
2024-11-21 18:57:08,997 INFO o.s.b.w.e.t.TomcatWebServer [restartedMain] Tomcat initialized with port 8080 (http)
2024-11-21 18:57:09,009 INFO o.a.j.l.DirectJDKLog [restartedMain] Initializing ProtocolHandler ["http-nio-8080"]
2024-11-21 18:57:09,012 INFO o.a.j.l.DirectJDKLog [restartedMain] Starting service [Tomcat]
2024-11-21 18:57:09,013 INFO o.a.j.l.DirectJDKLog [restartedMain] Starting Servlet engine: [Apache Tomcat/10.1.30]
2024-11-21 18:57:09,065 INFO o.a.j.l.DirectJDKLog [restartedMain] Initializing Spring embedded WebApplicationContext
2024-11-21 18:57:09,066 INFO o.s.b.w.s.c.ServletWebServerApplicationContext [restartedMain] Root WebApplicationContext: initialization completed in 1330 ms
2024-11-21 18:57:09,203 INFO c.z.h.HikariDataSource [restartedMain] HikariPool-1 - Starting...
2024-11-21 18:57:10,670 INFO c.z.h.p.HikariPool [restartedMain] HikariPool-1 - Added connection com.mysql.cj.jdbc.ConnectionImpl@18eaf5b8
2024-11-21 18:57:10,672 INFO c.z.h.HikariDataSource [restartedMain] HikariPool-1 - Start completed.
2024-11-21 18:57:10,790 INFO o.s.b.d.a.OptionalLiveReloadServer [restartedMain] LiveReload server is running on port 35729
2024-11-21 18:57:11,304 INFO o.a.j.l.DirectJDKLog [restartedMain] Starting ProtocolHandler ["http-nio-8080"]
2024-11-21 18:57:11,323 INFO o.s.b.w.e.t.TomcatWebServer [restartedMain] Tomcat started on port 8080 (http) with context path '/'
2024-11-21 18:57:11,334 INFO o.s.b.StartupInfoLogger [restartedMain] Started MovieApplication in 4.476 seconds (process running for 5.44)
2024-11-21 18:57:26,992 INFO o.a.j.l.DirectJDKLog [http-nio-8080-exec-1] Initializing Spring DispatcherServlet 'dispatcherServlet'
2024-11-21 18:57:26,992 INFO o.s.w.s.FrameworkServlet [http-nio-8080-exec-1] Initializing Servlet 'dispatcherServlet'
2024-11-21 18:57:26,994 INFO o.s.w.s.FrameworkServlet [http-nio-8080-exec-1] Completed initialization in 2 ms
2024-11-21 18:57:28,544 WARN n.n.u.t.e.ExpressionProcessor [http-nio-8080-exec-1] Fragment expression "layouts/defaultTemplate" is being wrapped as a Thymeleaf 3 fragment expression (~{...}) for backwards compatibility purposes.  This wrapping will be dropped in the next major version of the expression processor, so please rewrite as a Thymeleaf 3 fragment expression to future-proof your code.  See https://github.com/thymeleaf/thymeleaf/issues/451 for more information.
2024-11-21 18:57:28,755 WARN o.t.s.p.AbstractStandardFragmentInsertionTagProcessor [http-nio-8080-exec-1] [THYMELEAF][http-nio-8080-exec-1][layouts/defaultTemplate] Deprecated unwrapped fragment expression "layouts/common :: header" found in template layouts/defaultTemplate, line 12, col 14. Please use the complete syntax of fragment expressions instead ("~{layouts/common :: header}"). The old, unwrapped syntax for fragment expressions will be removed in future versions of Thymeleaf.
2024-11-21 18:57:28,908 WARN o.t.s.p.AbstractStandardFragmentInsertionTagProcessor [http-nio-8080-exec-1] [THYMELEAF][http-nio-8080-exec-1][layouts/defaultTemplate] Deprecated unwrapped fragment expression "layouts/common :: footer" found in template layouts/defaultTemplate, line 18, col 14. Please use the complete syntax of fragment expressions instead ("~{layouts/common :: footer}"). The old, unwrapped syntax for fragment expressions will be removed in future versions of Thymeleaf.
2024-11-21 18:57:39,648 WARN o.t.s.p.AbstractStandardFragmentInsertionTagProcessor [http-nio-8080-exec-2] [THYMELEAF][http-nio-8080-exec-2][layouts/defaultTemplate] Deprecated unwrapped fragment expression "layouts/common :: header" found in template layouts/defaultTemplate, line 12, col 14. Please use the complete syntax of fragment expressions instead ("~{layouts/common :: header}"). The old, unwrapped syntax for fragment expressions will be removed in future versions of Thymeleaf.
2024-11-21 18:57:39,662 WARN o.t.s.p.AbstractStandardFragmentInsertionTagProcessor [http-nio-8080-exec-2] [THYMELEAF][http-nio-8080-exec-2][layouts/defaultTemplate] Deprecated unwrapped fragment expression "layouts/common :: footer" found in template layouts/defaultTemplate, line 18, col 14. Please use the complete syntax of fragment expressions instead ("~{layouts/common :: footer}"). The old, unwrapped syntax for fragment expressions will be removed in future versions of Thymeleaf.
2024-11-21 18:57:46,143 WARN o.t.s.p.AbstractStandardFragmentInsertionTagProcessor [http-nio-8080-exec-5] [THYMELEAF][http-nio-8080-exec-5][layouts/defaultTemplate] Deprecated unwrapped fragment expression "layouts/common :: header" found in template layouts/defaultTemplate, line 12, col 14. Please use the complete syntax of fragment expressions instead ("~{layouts/common :: header}"). The old, unwrapped syntax for fragment expressions will be removed in future versions of Thymeleaf.
2024-11-21 18:57:46,150 WARN o.t.s.p.AbstractStandardFragmentInsertionTagProcessor [http-nio-8080-exec-5] [THYMELEAF][http-nio-8080-exec-5][layouts/defaultTemplate] Deprecated unwrapped fragment expression "layouts/common :: footer" found in template layouts/defaultTemplate, line 18, col 14. Please use the complete syntax of fragment expressions instead ("~{layouts/common :: footer}"). The old, unwrapped syntax for fragment expressions will be removed in future versions of Thymeleaf.
2024-11-21 18:58:12,185 INFO o.s.b.a.SpringApplicationAdminMXBeanRegistrar$SpringApplicationAdmin [RMI TCP Connection(4)-127.0.0.1] Application shutdown requested.
2024-11-21 18:58:12,188 INFO o.a.j.l.DirectJDKLog [RMI TCP Connection(4)-127.0.0.1] Stopping ProtocolHandler ["http-nio-8080"]
2024-11-21 18:58:12,479 INFO c.z.h.HikariDataSource [RMI TCP Connection(4)-127.0.0.1] HikariPool-1 - Shutdown initiated...
2024-11-21 18:58:13,363 INFO c.z.h.HikariDataSource [RMI TCP Connection(4)-127.0.0.1] HikariPool-1 - Shutdown completed.
2024-11-21 19:05:17,919 INFO o.h.v.i.u.Version [background-preinit] HV000001: Hibernate Validator 8.0.1.Final
2024-11-21 19:05:17,952 INFO o.s.b.StartupInfoLogger [main] Starting MovieApplicationTests using Java 20.0.2 with PID 29668 (started by Gage in C:\Users\Gage\git\movie)
2024-11-21 19:05:17,954 DEBUG o.s.b.StartupInfoLogger [main] Running with Spring Boot v3.3.4, Spring v6.1.13
2024-11-21 19:05:17,955 INFO o.s.b.SpringApplication [main] No active profile set, falling back to 1 default profile: "default"
2024-11-21 19:05:19,689 INFO o.s.d.r.c.RepositoryConfigurationDelegate [main] Bootstrapping Spring Data JDBC repositories in DEFAULT mode.
2024-11-21 19:05:19,795 INFO o.s.d.r.c.RepositoryConfigurationDelegate [main] Finished Spring Data repository scanning in 89 ms. Found 1 JDBC repository interface.
2024-11-21 19:05:20,666 INFO c.z.h.HikariDataSource [main] HikariPool-1 - Starting...
2024-11-21 19:05:22,420 INFO c.z.h.p.HikariPool [main] HikariPool-1 - Added connection com.mysql.cj.jdbc.ConnectionImpl@32e697ac
2024-11-21 19:05:22,423 INFO c.z.h.HikariDataSource [main] HikariPool-1 - Start completed.
2024-11-21 19:05:24,076 INFO o.s.b.StartupInfoLogger [main] Started MovieApplicationTests in 6.781 seconds (process running for 8.561)
2024-11-21 19:05:25,915 INFO c.z.h.HikariDataSource [SpringApplicationShutdownHook] HikariPool-1 - Shutdown initiated...
2024-11-21 19:05:26,549 INFO c.z.h.HikariDataSource [SpringApplicationShutdownHook] HikariPool-1 - Shutdown completed.
2024-11-21 19:07:44,629 INFO o.h.v.i.u.Version [background-preinit] HV000001: Hibernate Validator 8.0.1.Final
2024-11-21 19:07:44,670 INFO o.s.b.StartupInfoLogger [restartedMain] Starting MovieApplication using Java 20.0.2 with PID 25240 (C:\Users\Gage\git\movie\target\classes started by Gage in C:\Users\Gage\git\movie)
2024-11-21 19:07:44,671 DEBUG o.s.b.StartupInfoLogger [restartedMain] Running with Spring Boot v3.3.4, Spring v6.1.13
2024-11-21 19:07:44,672 INFO o.s.b.SpringApplication [restartedMain] No active profile set, falling back to 1 default profile: "default"
2024-11-21 19:07:44,994 INFO o.s.b.l.DeferredLog [restartedMain] Devtools property defaults active! Set 'spring.devtools.add-properties' to 'false' to disable
2024-11-21 19:07:44,994 INFO o.s.b.l.DeferredLog [restartedMain] For additional web related logging consider setting the 'logging.level.web' property to 'DEBUG'
2024-11-21 19:07:45,819 INFO o.s.d.r.c.RepositoryConfigurationDelegate [restartedMain] Bootstrapping Spring Data JDBC repositories in DEFAULT mode.
2024-11-21 19:07:45,877 INFO o.s.d.r.c.RepositoryConfigurationDelegate [restartedMain] Finished Spring Data repository scanning in 52 ms. Found 1 JDBC repository interface.
2024-11-21 19:07:46,467 INFO o.s.b.w.e.t.TomcatWebServer [restartedMain] Tomcat initialized with port 8080 (http)
2024-11-21 19:07:46,479 INFO o.a.j.l.DirectJDKLog [restartedMain] Initializing ProtocolHandler ["http-nio-8080"]
2024-11-21 19:07:46,483 INFO o.a.j.l.DirectJDKLog [restartedMain] Starting service [Tomcat]
2024-11-21 19:07:46,484 INFO o.a.j.l.DirectJDKLog [restartedMain] Starting Servlet engine: [Apache Tomcat/10.1.30]
2024-11-21 19:07:46,542 INFO o.a.j.l.DirectJDKLog [restartedMain] Initializing Spring embedded WebApplicationContext
2024-11-21 19:07:46,543 INFO o.s.b.w.s.c.ServletWebServerApplicationContext [restartedMain] Root WebApplicationContext: initialization completed in 1547 ms
2024-11-21 19:07:46,687 INFO c.z.h.HikariDataSource [restartedMain] HikariPool-1 - Starting...
2024-11-21 19:07:48,118 INFO c.z.h.p.HikariPool [restartedMain] HikariPool-1 - Added connection com.mysql.cj.jdbc.ConnectionImpl@72f11f84
2024-11-21 19:07:48,121 INFO c.z.h.HikariDataSource [restartedMain] HikariPool-1 - Start completed.
2024-11-21 19:07:48,262 INFO o.s.b.d.a.OptionalLiveReloadServer [restartedMain] LiveReload server is running on port 35729
2024-11-21 19:07:48,851 INFO o.a.j.l.DirectJDKLog [restartedMain] Starting ProtocolHandler ["http-nio-8080"]
2024-11-21 19:07:48,875 INFO o.s.b.w.e.t.TomcatWebServer [restartedMain] Tomcat started on port 8080 (http) with context path '/'
2024-11-21 19:07:48,886 INFO o.s.b.StartupInfoLogger [restartedMain] Started MovieApplication in 4.834 seconds (process running for 6.129)
2024-11-21 19:08:01,433 INFO o.a.j.l.DirectJDKLog [http-nio-8080-exec-1] Initializing Spring DispatcherServlet 'dispatcherServlet'
2024-11-21 19:08:01,434 INFO o.s.w.s.FrameworkServlet [http-nio-8080-exec-1] Initializing Servlet 'dispatcherServlet'
2024-11-21 19:08:01,436 INFO o.s.w.s.FrameworkServlet [http-nio-8080-exec-1] Completed initialization in 2 ms
2024-11-21 19:08:02,971 WARN n.n.u.t.e.ExpressionProcessor [http-nio-8080-exec-1] Fragment expression "layouts/defaultTemplate" is being wrapped as a Thymeleaf 3 fragment expression (~{...}) for backwards compatibility purposes.  This wrapping will be dropped in the next major version of the expression processor, so please rewrite as a Thymeleaf 3 fragment expression to future-proof your code.  See https://github.com/thymeleaf/thymeleaf/issues/451 for more information.
2024-11-21 19:08:03,231 WARN o.t.s.p.AbstractStandardFragmentInsertionTagProcessor [http-nio-8080-exec-1] [THYMELEAF][http-nio-8080-exec-1][layouts/defaultTemplate] Deprecated unwrapped fragment expression "layouts/common :: header" found in template layouts/defaultTemplate, line 12, col 14. Please use the complete syntax of fragment expressions instead ("~{layouts/common :: header}"). The old, unwrapped syntax for fragment expressions will be removed in future versions of Thymeleaf.
2024-11-21 19:08:03,375 WARN o.t.s.p.AbstractStandardFragmentInsertionTagProcessor [http-nio-8080-exec-1] [THYMELEAF][http-nio-8080-exec-1][layouts/defaultTemplate] Deprecated unwrapped fragment expression "layouts/common :: footer" found in template layouts/defaultTemplate, line 18, col 14. Please use the complete syntax of fragment expressions instead ("~{layouts/common :: footer}"). The old, unwrapped syntax for fragment expressions will be removed in future versions of Thymeleaf.
2024-11-21 19:08:14,453 INFO o.s.b.a.SpringApplicationAdminMXBeanRegistrar$SpringApplicationAdmin [RMI TCP Connection(4)-127.0.0.1] Application shutdown requested.
2024-11-21 19:08:14,455 INFO o.a.j.l.DirectJDKLog [RMI TCP Connection(4)-127.0.0.1] Stopping ProtocolHandler ["http-nio-8080"]
2024-11-21 19:08:14,747 INFO c.z.h.HikariDataSource [RMI TCP Connection(4)-127.0.0.1] HikariPool-1 - Shutdown initiated...
2024-11-21 19:08:15,602 INFO c.z.h.HikariDataSource [RMI TCP Connection(4)-127.0.0.1] HikariPool-1 - Shutdown completed.
2024-11-21 19:25:25,391 INFO o.s.b.StartupInfoLogger [main] Starting MovieApplicationTests using Java 20.0.2 with PID 36636 (started by Gage in C:\Users\Gage\git\movie)
2024-11-21 19:25:25,393 DEBUG o.s.b.StartupInfoLogger [main] Running with Spring Boot v3.3.4, Spring v6.1.13
2024-11-21 19:25:25,394 INFO o.s.b.SpringApplication [main] No active profile set, falling back to 1 default profile: "default"
2024-11-21 19:25:26,912 INFO o.s.d.r.c.RepositoryConfigurationDelegate [main] Bootstrapping Spring Data JDBC repositories in DEFAULT mode.
2024-11-21 19:25:26,995 INFO o.s.d.r.c.RepositoryConfigurationDelegate [main] Finished Spring Data repository scanning in 74 ms. Found 1 JDBC repository interface.
2024-11-21 19:25:27,685 INFO c.z.h.HikariDataSource [main] HikariPool-1 - Starting...
2024-11-21 19:25:29,575 INFO c.z.h.p.HikariPool [main] HikariPool-1 - Added connection com.mysql.cj.jdbc.ConnectionImpl@7d28cdcd
2024-11-21 19:25:29,578 INFO c.z.h.HikariDataSource [main] HikariPool-1 - Start completed.
2024-11-21 19:25:31,077 INFO o.s.b.StartupInfoLogger [main] Started MovieApplicationTests in 6.318 seconds (process running for 8.266)
2024-11-21 19:25:32,752 INFO c.z.h.HikariDataSource [SpringApplicationShutdownHook] HikariPool-1 - Shutdown initiated...
2024-11-21 19:25:33,535 INFO c.z.h.HikariDataSource [SpringApplicationShutdownHook] HikariPool-1 - Shutdown completed.
